<?xml version="1.0" encoding="UTF-8"?>
<testng-results ignored="0" total="2" passed="2" failed="0" skipped="0">
  <reporter-output>
  </reporter-output>
  <suite started-at="2024-04-16T03:08:22 EDT" name="Default suite" finished-at="2024-04-16T03:08:34 EDT" duration-ms="11474">
    <groups>
      <group name="webTests">
        <method signature="AfterGroupsExample.firstTest()[pri:0, instance:ebrahim.hossain.sqa.AfterGroupsExample@74ea2410]" name="firstTest" class="ebrahim.hossain.sqa.AfterGroupsExample"/>
        <method signature="AfterGroupsExample.secondTest()[pri:0, instance:ebrahim.hossain.sqa.AfterGroupsExample@74ea2410]" name="secondTest" class="ebrahim.hossain.sqa.AfterGroupsExample"/>
      </group> <!-- webTests -->
    </groups>
    <test started-at="2024-04-16T03:08:22 EDT" name="Default test" finished-at="2024-04-16T03:08:34 EDT" duration-ms="11474">
      <class name="ebrahim.hossain.sqa.AfterGroupsExample">
        <test-method is-config="true" signature="startChromeBrowser()[pri:0, instance:ebrahim.hossain.sqa.AfterGroupsExample@74ea2410]" started-at="2024-04-16T03:08:22 EDT" name="startChromeBrowser" finished-at="2024-04-16T03:08:24 EDT" duration-ms="1557" status="PASS">
          <reporter-output>
          </reporter-output>
        </test-method> <!-- startChromeBrowser -->
        <test-method signature="firstTest()[pri:0, instance:ebrahim.hossain.sqa.AfterGroupsExample@74ea2410]" started-at="2024-04-16T03:08:24 EDT" name="firstTest" finished-at="2024-04-16T03:08:28 EDT" duration-ms="3928" status="PASS">
          <reporter-output>
          </reporter-output>
        </test-method> <!-- firstTest -->
        <test-method signature="secondTest()[pri:0, instance:ebrahim.hossain.sqa.AfterGroupsExample@74ea2410]" started-at="2024-04-16T03:08:28 EDT" name="secondTest" finished-at="2024-04-16T03:08:34 EDT" duration-ms="5802" status="PASS">
          <reporter-output>
          </reporter-output>
        </test-method> <!-- secondTest -->
        <test-method is-config="true" signature="tearDown()[pri:0, instance:ebrahim.hossain.sqa.AfterGroupsExample@74ea2410]" started-at="2024-04-16T03:08:34 EDT" name="tearDown" finished-at="2024-04-16T03:08:34 EDT" duration-ms="152" status="PASS">
          <reporter-output>
          </reporter-output>
        </test-method> <!-- tearDown -->
      </class> <!-- ebrahim.hossain.sqa.AfterGroupsExample -->
    </test> <!-- Default test -->
  </suite> <!-- Default suite -->
</testng-results>
