<?xml version="1.0" encoding="UTF-8"?>
<testng-results ignored="0" total="2" passed="2" failed="0" skipped="0">
  <reporter-output>
  </reporter-output>
  <suite started-at="2024-04-13T15:13:36 EDT" name="Default suite" finished-at="2024-04-13T15:13:42 EDT" duration-ms="5830">
    <groups>
    </groups>
    <test started-at="2024-04-13T15:13:36 EDT" name="Default test" finished-at="2024-04-13T15:13:42 EDT" duration-ms="5830">
      <class name="ebrahim.hossain.sqa.BeforeMethodExample">
        <test-method is-config="true" signature="startChromeBrowser()[pri:0, instance:ebrahim.hossain.sqa.BeforeMethodExample@74ea2410]" started-at="2024-04-13T15:13:36 EDT" name="startChromeBrowser" finished-at="2024-04-13T15:13:39 EDT" duration-ms="2581" status="PASS">
          <reporter-output>
          </reporter-output>
        </test-method> <!-- startChromeBrowser -->
        <test-method signature="fetchTitle()[pri:0, instance:ebrahim.hossain.sqa.BeforeMethodExample@74ea2410]" started-at="2024-04-13T15:13:39 EDT" name="fetchTitle" finished-at="2024-04-13T15:13:40 EDT" duration-ms="1096" status="PASS">
          <reporter-output>
          </reporter-output>
        </test-method> <!-- fetchTitle -->
        <test-method is-config="true" signature="startChromeBrowser()[pri:0, instance:ebrahim.hossain.sqa.BeforeMethodExample@74ea2410]" started-at="2024-04-13T15:13:40 EDT" name="startChromeBrowser" finished-at="2024-04-13T15:13:41 EDT" duration-ms="981" status="PASS">
          <reporter-output>
          </reporter-output>
        </test-method> <!-- startChromeBrowser -->
        <test-method signature="secondTest()[pri:0, instance:ebrahim.hossain.sqa.BeforeMethodExample@74ea2410]" started-at="2024-04-13T15:13:41 EDT" name="secondTest" finished-at="2024-04-13T15:13:42 EDT" duration-ms="1104" status="PASS">
          <reporter-output>
          </reporter-output>
        </test-method> <!-- secondTest -->
      </class> <!-- ebrahim.hossain.sqa.BeforeMethodExample -->
    </test> <!-- Default test -->
  </suite> <!-- Default suite -->
</testng-results>
